{"C:\\Users\\Gabi\\Desktop\\Rania\\backend\\src\\app.ts": {"path":"C:\\Users\\Gabi\\Desktop\\Rania\\backend\\src\\app.ts","statementMap":{"0":{"start":{"line":1,"column":0},"end":{"line":1,"column":30}},"1":{"start":{"line":2,"column":0},"end":{"line":2,"column":24}},"2":{"start":{"line":3,"column":0},"end":{"line":3,"column":61}},"3":{"start":{"line":4,"column":0},"end":{"line":4,"column":45}},"4":{"start":{"line":5,"column":0},"end":{"line":5,"column":86}},"5":{"start":{"line":6,"column":0},"end":{"line":6,"column":49}},"6":{"start":{"line":7,"column":0},"end":{"line":7,"column":46}},"7":{"start":{"line":9,"column":12},"end":{"line":9,"column":21}},"8":{"start":{"line":11,"column":0},"end":{"line":11,"column":16}},"9":{"start":{"line":12,"column":0},"end":{"line":12,"column":24}},"10":{"start":{"line":15,"column":0},"end":{"line":15,"column":39}},"11":{"start":{"line":16,"column":0},"end":{"line":16,"column":56}},"12":{"start":{"line":17,"column":0},"end":{"line":17,"column":45}},"13":{"start":{"line":18,"column":0},"end":{"line":18,"column":43}},"14":{"start":{"line":21,"column":0},"end":{"line":24,"column":2}},"15":{"start":{"line":26,"column":0},"end":{"line":28,"column":3}},"16":{"start":{"line":27,"column":2},"end":{"line":27,"column":29}},"17":{"start":{"line":30,"column":0},"end":{"line":30,"column":19}}},"fnMap":{"0":{"name":"(anonymous_10)","decl":{"start":{"line":26,"column":23},"end":{"line":26,"column":24}},"loc":{"start":{"line":26,"column":37},"end":{"line":28,"column":1}}}},"branchMap":{},"s":{"0":4,"1":4,"2":4,"3":4,"4":4,"5":4,"6":4,"7":4,"8":4,"9":4,"10":4,"11":4,"12":4,"13":4,"14":4,"15":4,"16":1,"17":4},"f":{"0":1},"b":{}}
,"C:\\Users\\Gabi\\Desktop\\Rania\\backend\\src\\store.ts": {"path":"C:\\Users\\Gabi\\Desktop\\Rania\\backend\\src\\store.ts","statementMap":{"0":{"start":{"line":108,"column":0},"end":{"line":108,"column":16}},"1":{"start":{"line":112,"column":0},"end":{"line":112,"column":16}},"2":{"start":{"line":116,"column":0},"end":{"line":116,"column":16}},"3":{"start":{"line":122,"column":0},"end":{"line":122,"column":16}},"4":{"start":{"line":130,"column":0},"end":{"line":130,"column":16}},"5":{"start":{"line":137,"column":0},"end":{"line":137,"column":16}},"6":{"start":{"line":1,"column":0},"end":{"line":1,"column":36}},"7":{"start":{"line":4,"column":28},"end":{"line":101,"column":2}},"8":{"start":{"line":103,"column":29},"end":{"line":103,"column":38}},"9":{"start":{"line":105,"column":13},"end":{"line":105,"column":84}},"10":{"start":{"line":106,"column":13},"end":{"line":106,"column":62}},"11":{"start":{"line":109,"column":2},"end":{"line":109,"column":17}},"12":{"start":{"line":113,"column":2},"end":{"line":113,"column":42}},"13":{"start":{"line":113,"column":29},"end":{"line":113,"column":40}},"14":{"start":{"line":117,"column":29},"end":{"line":117,"column":54}},"15":{"start":{"line":118,"column":2},"end":{"line":118,"column":22}},"16":{"start":{"line":119,"column":2},"end":{"line":119,"column":15}},"17":{"start":{"line":123,"column":16},"end":{"line":123,"column":53}},"18":{"start":{"line":123,"column":41},"end":{"line":123,"column":52}},"19":{"start":{"line":124,"column":2},"end":{"line":124,"column":37}},"20":{"start":{"line":124,"column":20},"end":{"line":124,"column":37}},"21":{"start":{"line":125,"column":31},"end":{"line":125,"column":46}},"22":{"start":{"line":126,"column":2},"end":{"line":126,"column":27}},"23":{"start":{"line":127,"column":2},"end":{"line":127,"column":17}},"24":{"start":{"line":131,"column":16},"end":{"line":131,"column":53}},"25":{"start":{"line":131,"column":41},"end":{"line":131,"column":52}},"26":{"start":{"line":132,"column":2},"end":{"line":132,"column":33}},"27":{"start":{"line":132,"column":20},"end":{"line":132,"column":33}},"28":{"start":{"line":133,"column":2},"end":{"line":133,"column":27}},"29":{"start":{"line":134,"column":2},"end":{"line":134,"column":14}},"30":{"start":{"line":138,"column":2},"end":{"line":138,"column":59}},"31":{"start":{"line":138,"column":34},"end":{"line":138,"column":56}}},"fnMap":{"0":{"name":"getAll","decl":{"start":{"line":108,"column":16},"end":{"line":108,"column":22}},"loc":{"start":{"line":108,"column":22},"end":{"line":110,"column":1}}},"1":{"name":"getById","decl":{"start":{"line":112,"column":16},"end":{"line":112,"column":23}},"loc":{"start":{"line":112,"column":34},"end":{"line":114,"column":1}}},"2":{"name":"(anonymous_2)","decl":{"start":{"line":113,"column":22},"end":{"line":113,"column":23}},"loc":{"start":{"line":113,"column":29},"end":{"line":113,"column":40}}},"3":{"name":"create","decl":{"start":{"line":116,"column":16},"end":{"line":116,"column":22}},"loc":{"start":{"line":116,"column":52},"end":{"line":120,"column":1}}},"4":{"name":"update","decl":{"start":{"line":122,"column":16},"end":{"line":122,"column":22}},"loc":{"start":{"line":122,"column":64},"end":{"line":128,"column":1}}},"5":{"name":"(anonymous_5)","decl":{"start":{"line":123,"column":34},"end":{"line":123,"column":35}},"loc":{"start":{"line":123,"column":41},"end":{"line":123,"column":52}}},"6":{"name":"remove","decl":{"start":{"line":130,"column":16},"end":{"line":130,"column":22}},"loc":{"start":{"line":130,"column":33},"end":{"line":135,"column":1}}},"7":{"name":"(anonymous_7)","decl":{"start":{"line":131,"column":34},"end":{"line":131,"column":35}},"loc":{"start":{"line":131,"column":41},"end":{"line":131,"column":52}}},"8":{"name":"reset","decl":{"start":{"line":137,"column":16},"end":{"line":137,"column":21}},"loc":{"start":{"line":137,"column":21},"end":{"line":139,"column":1}}},"9":{"name":"(anonymous_9)","decl":{"start":{"line":138,"column":26},"end":{"line":138,"column":27}},"loc":{"start":{"line":138,"column":34},"end":{"line":138,"column":56}}}},"branchMap":{"0":{"loc":{"start":{"line":124,"column":2},"end":{"line":124,"column":37}},"type":"if","locations":[{"start":{"line":124,"column":2},"end":{"line":124,"column":37}}]},"1":{"loc":{"start":{"line":132,"column":2},"end":{"line":132,"column":33}},"type":"if","locations":[{"start":{"line":132,"column":2},"end":{"line":132,"column":33}}]}},"s":{"0":4,"1":4,"2":4,"3":4,"4":4,"5":4,"6":4,"7":4,"8":4,"9":4,"10":4,"11":27,"12":22,"13":195,"14":48,"15":48,"16":48,"17":5,"18":43,"19":5,"20":2,"21":3,"22":3,"23":3,"24":6,"25":52,"26":6,"27":2,"28":4,"29":4,"30":84,"31":672},"f":{"0":27,"1":22,"2":195,"3":48,"4":5,"5":43,"6":6,"7":52,"8":84,"9":672},"b":{"0":[2],"1":[2]}}
,"C:\\Users\\Gabi\\Desktop\\Rania\\backend\\src\\validation.ts": {"path":"C:\\Users\\Gabi\\Desktop\\Rania\\backend\\src\\validation.ts","statementMap":{"0":{"start":{"line":1,"column":0},"end":{"line":1,"column":48}},"1":{"start":{"line":2,"column":0},"end":{"line":2,"column":43}},"2":{"start":{"line":4,"column":13},"end":{"line":41,"column":2}},"3":{"start":{"line":21,"column":22},"end":{"line":21,"column":68}},"4":{"start":{"line":21,"column":40},"end":{"line":21,"column":67}},"5":{"start":{"line":22,"column":6},"end":{"line":24,"column":7}},"6":{"start":{"line":23,"column":8},"end":{"line":23,"column":94}},"7":{"start":{"line":25,"column":6},"end":{"line":25,"column":18}},"8":{"start":{"line":43,"column":13},"end":{"line":51,"column":2}}},"fnMap":{"0":{"name":"(anonymous_0)","decl":{"start":{"line":20,"column":12},"end":{"line":20,"column":13}},"loc":{"start":{"line":20,"column":31},"end":{"line":26,"column":5}}},"1":{"name":"(anonymous_1)","decl":{"start":{"line":21,"column":33},"end":{"line":21,"column":34}},"loc":{"start":{"line":21,"column":40},"end":{"line":21,"column":67}}}},"branchMap":{"0":{"loc":{"start":{"line":22,"column":6},"end":{"line":24,"column":7}},"type":"if","locations":[{"start":{"line":22,"column":6},"end":{"line":24,"column":7}}]}},"s":{"0":4,"1":4,"2":4,"3":26,"4":47,"5":25,"6":1,"7":24,"8":4},"f":{"0":26,"1":47},"b":{"0":[1]}}
,"C:\\Users\\Gabi\\Desktop\\Rania\\backend\\src\\websocket.ts": {"path":"C:\\Users\\Gabi\\Desktop\\Rania\\backend\\src\\websocket.ts","statementMap":{"0":{"start":{"line":6,"column":0},"end":{"line":6,"column":16}},"1":{"start":{"line":14,"column":0},"end":{"line":14,"column":16}},"2":{"start":{"line":1,"column":0},"end":{"line":1,"column":48}},"3":{"start":{"line":4,"column":34},"end":{"line":4,"column":38}},"4":{"start":{"line":7,"column":2},"end":{"line":7,"column":40}},"5":{"start":{"line":9,"column":2},"end":{"line":11,"column":5}},"6":{"start":{"line":10,"column":4},"end":{"line":10,"column":95}},"7":{"start":{"line":15,"column":2},"end":{"line":15,"column":19}},"8":{"start":{"line":15,"column":12},"end":{"line":15,"column":19}},"9":{"start":{"line":16,"column":18},"end":{"line":16,"column":51}},"10":{"start":{"line":17,"column":2},"end":{"line":21,"column":5}},"11":{"start":{"line":18,"column":4},"end":{"line":20,"column":5}},"12":{"start":{"line":19,"column":6},"end":{"line":19,"column":27}}},"fnMap":{"0":{"name":"setupWebSocket","decl":{"start":{"line":6,"column":16},"end":{"line":6,"column":30}},"loc":{"start":{"line":6,"column":45},"end":{"line":12,"column":1}}},"1":{"name":"(anonymous_1)","decl":{"start":{"line":9,"column":23},"end":{"line":9,"column":24}},"loc":{"start":{"line":9,"column":30},"end":{"line":11,"column":3}}},"2":{"name":"broadcast","decl":{"start":{"line":14,"column":16},"end":{"line":14,"column":25}},"loc":{"start":{"line":14,"column":56},"end":{"line":22,"column":1}}},"3":{"name":"(anonymous_3)","decl":{"start":{"line":17,"column":22},"end":{"line":17,"column":23}},"loc":{"start":{"line":17,"column":33},"end":{"line":21,"column":3}}}},"branchMap":{"0":{"loc":{"start":{"line":15,"column":2},"end":{"line":15,"column":19}},"type":"if","locations":[{"start":{"line":15,"column":2},"end":{"line":15,"column":19}}]},"1":{"loc":{"start":{"line":18,"column":4},"end":{"line":20,"column":5}},"type":"if","locations":[{"start":{"line":18,"column":4},"end":{"line":20,"column":5}}]}},"s":{"0":5,"1":5,"2":5,"3":5,"4":1,"5":1,"6":2,"7":2,"8":0,"9":2,"10":2,"11":2,"12":2},"f":{"0":1,"1":2,"2":2,"3":2},"b":{"0":[0],"1":[2]}}
,"C:\\Users\\Gabi\\Desktop\\Rania\\backend\\src\\graphql\\index.ts": {"path":"C:\\Users\\Gabi\\Desktop\\Rania\\backend\\src\\graphql\\index.ts","statementMap":{"0":{"start":{"line":1,"column":0},"end":{"line":1,"column":53}},"1":{"start":{"line":2,"column":0},"end":{"line":2,"column":34}},"2":{"start":{"line":3,"column":0},"end":{"line":3,"column":49}},"3":{"start":{"line":5,"column":17},"end":{"line":105,"column":2}},"4":{"start":{"line":107,"column":18},"end":{"line":198,"column":2}},"5":{"start":{"line":109,"column":16},"end":{"line":109,"column":30}},"6":{"start":{"line":110,"column":18},"end":{"line":110,"column":28}},"7":{"start":{"line":111,"column":23},"end":{"line":111,"column":47}},"8":{"start":{"line":112,"column":17},"end":{"line":112,"column":60}},"9":{"start":{"line":113,"column":4},"end":{"line":113,"column":52}},"10":{"start":{"line":117,"column":4},"end":{"line":117,"column":37}},"11":{"start":{"line":121,"column":16},"end":{"line":121,"column":30}},"12":{"start":{"line":122,"column":23},"end":{"line":122,"column":103}},"13":{"start":{"line":122,"column":69},"end":{"line":122,"column":75}},"14":{"start":{"line":123,"column":19},"end":{"line":123,"column":95}},"15":{"start":{"line":123,"column":61},"end":{"line":123,"column":67}},"16":{"start":{"line":124,"column":21},"end":{"line":124,"column":22}},"17":{"start":{"line":125,"column":21},"end":{"line":125,"column":22}},"18":{"start":{"line":126,"column":21},"end":{"line":126,"column":22}},"19":{"start":{"line":127,"column":4},"end":{"line":133,"column":5}},"20":{"start":{"line":128,"column":6},"end":{"line":128,"column":36}},"21":{"start":{"line":129,"column":6},"end":{"line":129,"column":28}},"22":{"start":{"line":130,"column":6},"end":{"line":130,"column":46}},"23":{"start":{"line":130,"column":33},"end":{"line":130,"column":46}},"24":{"start":{"line":131,"column":6},"end":{"line":131,"column":65}},"25":{"start":{"line":132,"column":6},"end":{"line":132,"column":64}},"26":{"start":{"line":132,"column":31},"end":{"line":132,"column":64}},"27":{"start":{"line":134,"column":4},"end":{"line":153,"column":6}},"28":{"start":{"line":157,"column":4},"end":{"line":157,"column":45}},"29":{"start":{"line":161,"column":18},"end":{"line":161,"column":47}},"30":{"start":{"line":162,"column":4},"end":{"line":172,"column":6}},"31":{"start":{"line":176,"column":4},"end":{"line":176,"column":31}},"32":{"start":{"line":180,"column":4},"end":{"line":180,"column":43}},"33":{"start":{"line":184,"column":4},"end":{"line":184,"column":28}},"34":{"start":{"line":188,"column":4},"end":{"line":188,"column":53}},"35":{"start":{"line":192,"column":4},"end":{"line":192,"column":49}},"36":{"start":{"line":196,"column":4},"end":{"line":196,"column":34}},"37":{"start":{"line":201,"column":9},"end":{"line":201,"column":18}},"38":{"start":{"line":200,"column":13},"end":{"line":200,"column":59}}},"fnMap":{"0":{"name":"(anonymous_9)","decl":{"start":{"line":108,"column":2},"end":{"line":108,"column":9}},"loc":{"start":{"line":108,"column":69},"end":{"line":114,"column":3}}},"1":{"name":"(anonymous_10)","decl":{"start":{"line":116,"column":2},"end":{"line":116,"column":7}},"loc":{"start":{"line":116,"column":30},"end":{"line":118,"column":3}}},"2":{"name":"(anonymous_11)","decl":{"start":{"line":120,"column":2},"end":{"line":120,"column":12}},"loc":{"start":{"line":120,"column":12},"end":{"line":154,"column":3}}},"3":{"name":"(anonymous_12)","decl":{"start":{"line":122,"column":62},"end":{"line":122,"column":63}},"loc":{"start":{"line":122,"column":69},"end":{"line":122,"column":75}}},"4":{"name":"(anonymous_13)","decl":{"start":{"line":123,"column":54},"end":{"line":123,"column":55}},"loc":{"start":{"line":123,"column":61},"end":{"line":123,"column":67}}},"5":{"name":"(anonymous_14)","decl":{"start":{"line":156,"column":2},"end":{"line":156,"column":9}},"loc":{"start":{"line":156,"column":42},"end":{"line":158,"column":3}}},"6":{"name":"(anonymous_15)","decl":{"start":{"line":160,"column":2},"end":{"line":160,"column":13}},"loc":{"start":{"line":160,"column":46},"end":{"line":173,"column":3}}},"7":{"name":"(anonymous_16)","decl":{"start":{"line":175,"column":2},"end":{"line":175,"column":13}},"loc":{"start":{"line":175,"column":70},"end":{"line":177,"column":3}}},"8":{"name":"(anonymous_17)","decl":{"start":{"line":179,"column":2},"end":{"line":179,"column":13}},"loc":{"start":{"line":179,"column":86},"end":{"line":181,"column":3}}},"9":{"name":"(anonymous_18)","decl":{"start":{"line":183,"column":2},"end":{"line":183,"column":13}},"loc":{"start":{"line":183,"column":36},"end":{"line":185,"column":3}}},"10":{"name":"(anonymous_19)","decl":{"start":{"line":187,"column":2},"end":{"line":187,"column":14}},"loc":{"start":{"line":187,"column":114},"end":{"line":189,"column":3}}},"11":{"name":"(anonymous_20)","decl":{"start":{"line":191,"column":2},"end":{"line":191,"column":14}},"loc":{"start":{"line":191,"column":104},"end":{"line":193,"column":3}}},"12":{"name":"(anonymous_21)","decl":{"start":{"line":195,"column":2},"end":{"line":195,"column":14}},"loc":{"start":{"line":195,"column":37},"end":{"line":197,"column":3}}}},"branchMap":{"0":{"loc":{"start":{"line":108,"column":12},"end":{"line":108,"column":20}},"type":"default-arg","locations":[{"start":{"line":108,"column":19},"end":{"line":108,"column":20}}]},"1":{"loc":{"start":{"line":108,"column":22},"end":{"line":108,"column":32}},"type":"default-arg","locations":[{"start":{"line":108,"column":30},"end":{"line":108,"column":32}}]},"2":{"loc":{"start":{"line":117,"column":11},"end":{"line":117,"column":36}},"type":"binary-expr","locations":[{"start":{"line":117,"column":11},"end":{"line":117,"column":28}},{"start":{"line":117,"column":32},"end":{"line":117,"column":36}}]},"3":{"loc":{"start":{"line":130,"column":6},"end":{"line":130,"column":46}},"type":"if","locations":[{"start":{"line":130,"column":6},"end":{"line":130,"column":46}}]},"4":{"loc":{"start":{"line":131,"column":32},"end":{"line":131,"column":59}},"type":"binary-expr","locations":[{"start":{"line":131,"column":32},"end":{"line":131,"column":54}},{"start":{"line":131,"column":58},"end":{"line":131,"column":59}}]},"5":{"loc":{"start":{"line":132,"column":44},"end":{"line":132,"column":58}},"type":"binary-expr","locations":[{"start":{"line":132,"column":44},"end":{"line":132,"column":53}},{"start":{"line":132,"column":57},"end":{"line":132,"column":58}}]},"6":{"loc":{"start":{"line":137,"column":20},"end":{"line":137,"column":76}},"type":"cond-expr","locations":[{"start":{"line":137,"column":37},"end":{"line":137,"column":72}},{"start":{"line":137,"column":75},"end":{"line":137,"column":76}}]},"7":{"loc":{"start":{"line":166,"column":13},"end":{"line":166,"column":39}},"type":"binary-expr","locations":[{"start":{"line":166,"column":13},"end":{"line":166,"column":34}},{"start":{"line":166,"column":38},"end":{"line":166,"column":39}}]},"8":{"loc":{"start":{"line":167,"column":13},"end":{"line":167,"column":39}},"type":"binary-expr","locations":[{"start":{"line":167,"column":13},"end":{"line":167,"column":34}},{"start":{"line":167,"column":38},"end":{"line":167,"column":39}}]},"9":{"loc":{"start":{"line":168,"column":15},"end":{"line":168,"column":41}},"type":"binary-expr","locations":[{"start":{"line":168,"column":15},"end":{"line":168,"column":36}},{"start":{"line":168,"column":40},"end":{"line":168,"column":41}}]},"10":{"loc":{"start":{"line":169,"column":14},"end":{"line":169,"column":40}},"type":"binary-expr","locations":[{"start":{"line":169,"column":14},"end":{"line":169,"column":35}},{"start":{"line":169,"column":39},"end":{"line":169,"column":40}}]},"11":{"loc":{"start":{"line":170,"column":14},"end":{"line":170,"column":40}},"type":"binary-expr","locations":[{"start":{"line":170,"column":14},"end":{"line":170,"column":35}},{"start":{"line":170,"column":39},"end":{"line":170,"column":40}}]},"12":{"loc":{"start":{"line":180,"column":11},"end":{"line":180,"column":42}},"type":"binary-expr","locations":[{"start":{"line":180,"column":11},"end":{"line":180,"column":34}},{"start":{"line":180,"column":38},"end":{"line":180,"column":42}}]},"13":{"loc":{"start":{"line":192,"column":11},"end":{"line":192,"column":48}},"type":"binary-expr","locations":[{"start":{"line":192,"column":11},"end":{"line":192,"column":40}},{"start":{"line":192,"column":44},"end":{"line":192,"column":48}}]}},"s":{"0":4,"1":4,"2":4,"3":4,"4":4,"5":5,"6":5,"7":5,"8":5,"9":5,"10":2,"11":4,"12":4,"13":20,"14":4,"15":20,"16":4,"17":4,"18":4,"19":4,"20":33,"21":33,"22":33,"23":5,"24":33,"25":33,"26":122,"27":4,"28":2,"29":2,"30":2,"31":1,"32":2,"33":2,"34":1,"35":2,"36":2,"37":4,"38":4},"f":{"0":5,"1":2,"2":4,"3":20,"4":20,"5":2,"6":2,"7":1,"8":2,"9":2,"10":1,"11":2,"12":2},"b":{"0":[0],"1":[0],"2":[2,1],"3":[5],"4":[33,0],"5":[122,0],"6":[4,0],"7":[2,0],"8":[2,0],"9":[2,0],"10":[2,0],"11":[2,0],"12":[2,1],"13":[2,1]}}
,"C:\\Users\\Gabi\\Desktop\\Rania\\backend\\src\\routes\\dresses.ts": {"path":"C:\\Users\\Gabi\\Desktop\\Rania\\backend\\src\\routes\\dresses.ts","statementMap":{"0":{"start":{"line":1,"column":0},"end":{"line":1,"column":52}},"1":{"start":{"line":2,"column":0},"end":{"line":2,"column":53}},"2":{"start":{"line":3,"column":0},"end":{"line":3,"column":34}},"3":{"start":{"line":4,"column":0},"end":{"line":4,"column":64}},"4":{"start":{"line":7,"column":15},"end":{"line":7,"column":23}},"5":{"start":{"line":10,"column":17},"end":{"line":10,"column":38}},"6":{"start":{"line":11,"column":2},"end":{"line":14,"column":3}},"7":{"start":{"line":12,"column":4},"end":{"line":12,"column":53}},"8":{"start":{"line":13,"column":4},"end":{"line":13,"column":16}},"9":{"start":{"line":15,"column":2},"end":{"line":15,"column":15}},"10":{"start":{"line":19,"column":0},"end":{"line":32,"column":3}},"11":{"start":{"line":20,"column":2},"end":{"line":20,"column":47}},"12":{"start":{"line":20,"column":40},"end":{"line":20,"column":47}},"13":{"start":{"line":22,"column":15},"end":{"line":22,"column":62}},"14":{"start":{"line":23,"column":16},"end":{"line":23,"column":65}},"15":{"start":{"line":25,"column":14},"end":{"line":25,"column":28}},"16":{"start":{"line":26,"column":16},"end":{"line":26,"column":26}},"17":{"start":{"line":27,"column":21},"end":{"line":27,"column":45}},"18":{"start":{"line":28,"column":15},"end":{"line":28,"column":58}},"19":{"start":{"line":30,"column":51},"end":{"line":30,"column":91}},"20":{"start":{"line":31,"column":2},"end":{"line":31,"column":21}},"21":{"start":{"line":35,"column":0},"end":{"line":68,"column":3}},"22":{"start":{"line":36,"column":14},"end":{"line":36,"column":28}},"23":{"start":{"line":38,"column":21},"end":{"line":38,"column":51}},"24":{"start":{"line":39,"column":17},"end":{"line":39,"column":48}},"25":{"start":{"line":41,"column":2},"end":{"line":41,"column":53}},"26":{"start":{"line":41,"column":35},"end":{"line":41,"column":53}},"27":{"start":{"line":42,"column":2},"end":{"line":42,"column":45}},"28":{"start":{"line":42,"column":31},"end":{"line":42,"column":45}},"29":{"start":{"line":44,"column":19},"end":{"line":44,"column":20}},"30":{"start":{"line":45,"column":19},"end":{"line":45,"column":20}},"31":{"start":{"line":46,"column":19},"end":{"line":46,"column":20}},"32":{"start":{"line":48,"column":2},"end":{"line":56,"column":3}},"33":{"start":{"line":49,"column":4},"end":{"line":49,"column":34}},"34":{"start":{"line":50,"column":4},"end":{"line":50,"column":26}},"35":{"start":{"line":51,"column":4},"end":{"line":51,"column":44}},"36":{"start":{"line":51,"column":31},"end":{"line":51,"column":44}},"37":{"start":{"line":52,"column":4},"end":{"line":52,"column":63}},"38":{"start":{"line":53,"column":4},"end":{"line":55,"column":5}},"39":{"start":{"line":54,"column":6},"end":{"line":54,"column":39}},"40":{"start":{"line":58,"column":31},"end":{"line":65,"column":4}},"41":{"start":{"line":67,"column":2},"end":{"line":67,"column":18}},"42":{"start":{"line":71,"column":0},"end":{"line":78,"column":3}},"43":{"start":{"line":72,"column":16},"end":{"line":72,"column":44}},"44":{"start":{"line":73,"column":2},"end":{"line":76,"column":3}},"45":{"start":{"line":74,"column":4},"end":{"line":74,"column":55}},"46":{"start":{"line":75,"column":4},"end":{"line":75,"column":11}},"47":{"start":{"line":77,"column":2},"end":{"line":77,"column":18}},"48":{"start":{"line":81,"column":0},"end":{"line":95,"column":3}},"49":{"start":{"line":82,"column":2},"end":{"line":82,"column":47}},"50":{"start":{"line":82,"column":40},"end":{"line":82,"column":47}},"51":{"start":{"line":84,"column":16},"end":{"line":92,"column":4}},"52":{"start":{"line":94,"column":2},"end":{"line":94,"column":30}},"53":{"start":{"line":98,"column":0},"end":{"line":117,"column":3}},"54":{"start":{"line":99,"column":2},"end":{"line":99,"column":47}},"55":{"start":{"line":99,"column":40},"end":{"line":99,"column":47}},"56":{"start":{"line":101,"column":18},"end":{"line":109,"column":4}},"57":{"start":{"line":111,"column":2},"end":{"line":114,"column":3}},"58":{"start":{"line":112,"column":4},"end":{"line":112,"column":55}},"59":{"start":{"line":113,"column":4},"end":{"line":113,"column":11}},"60":{"start":{"line":116,"column":2},"end":{"line":116,"column":20}},"61":{"start":{"line":120,"column":0},"end":{"line":127,"column":3}},"62":{"start":{"line":121,"column":18},"end":{"line":121,"column":45}},"63":{"start":{"line":122,"column":2},"end":{"line":125,"column":3}},"64":{"start":{"line":123,"column":4},"end":{"line":123,"column":55}},"65":{"start":{"line":124,"column":4},"end":{"line":124,"column":11}},"66":{"start":{"line":126,"column":2},"end":{"line":126,"column":25}},"67":{"start":{"line":129,"column":0},"end":{"line":129,"column":22}}},"fnMap":{"0":{"name":"handleValidationErrors","decl":{"start":{"line":9,"column":9},"end":{"line":9,"column":31}},"loc":{"start":{"line":9,"column":59},"end":{"line":16,"column":1}}},"1":{"name":"(anonymous_10)","decl":{"start":{"line":19,"column":33},"end":{"line":19,"column":34}},"loc":{"start":{"line":19,"column":65},"end":{"line":32,"column":1}}},"2":{"name":"(anonymous_11)","decl":{"start":{"line":35,"column":21},"end":{"line":35,"column":22}},"loc":{"start":{"line":35,"column":54},"end":{"line":68,"column":1}}},"3":{"name":"(anonymous_12)","decl":{"start":{"line":71,"column":19},"end":{"line":71,"column":20}},"loc":{"start":{"line":71,"column":51},"end":{"line":78,"column":1}}},"4":{"name":"(anonymous_13)","decl":{"start":{"line":81,"column":33},"end":{"line":81,"column":34}},"loc":{"start":{"line":81,"column":65},"end":{"line":95,"column":1}}},"5":{"name":"(anonymous_14)","decl":{"start":{"line":98,"column":35},"end":{"line":98,"column":36}},"loc":{"start":{"line":98,"column":67},"end":{"line":117,"column":1}}},"6":{"name":"(anonymous_15)","decl":{"start":{"line":120,"column":22},"end":{"line":120,"column":23}},"loc":{"start":{"line":120,"column":54},"end":{"line":127,"column":1}}}},"branchMap":{"0":{"loc":{"start":{"line":11,"column":2},"end":{"line":14,"column":3}},"type":"if","locations":[{"start":{"line":11,"column":2},"end":{"line":14,"column":3}}]},"1":{"loc":{"start":{"line":20,"column":2},"end":{"line":20,"column":47}},"type":"if","locations":[{"start":{"line":20,"column":2},"end":{"line":20,"column":47}}]},"2":{"loc":{"start":{"line":22,"column":25},"end":{"line":22,"column":57}},"type":"binary-expr","locations":[{"start":{"line":22,"column":25},"end":{"line":22,"column":50}},{"start":{"line":22,"column":54},"end":{"line":22,"column":57}}]},"3":{"loc":{"start":{"line":23,"column":26},"end":{"line":23,"column":60}},"type":"binary-expr","locations":[{"start":{"line":23,"column":26},"end":{"line":23,"column":52}},{"start":{"line":23,"column":56},"end":{"line":23,"column":60}}]},"4":{"loc":{"start":{"line":51,"column":4},"end":{"line":51,"column":44}},"type":"if","locations":[{"start":{"line":51,"column":4},"end":{"line":51,"column":44}}]},"5":{"loc":{"start":{"line":52,"column":30},"end":{"line":52,"column":57}},"type":"binary-expr","locations":[{"start":{"line":52,"column":30},"end":{"line":52,"column":52}},{"start":{"line":52,"column":56},"end":{"line":52,"column":57}}]},"6":{"loc":{"start":{"line":54,"column":19},"end":{"line":54,"column":33}},"type":"binary-expr","locations":[{"start":{"line":54,"column":19},"end":{"line":54,"column":28}},{"start":{"line":54,"column":32},"end":{"line":54,"column":33}}]},"7":{"loc":{"start":{"line":61,"column":18},"end":{"line":61,"column":74}},"type":"cond-expr","locations":[{"start":{"line":61,"column":35},"end":{"line":61,"column":70}},{"start":{"line":61,"column":73},"end":{"line":61,"column":74}}]},"8":{"loc":{"start":{"line":73,"column":2},"end":{"line":76,"column":3}},"type":"if","locations":[{"start":{"line":73,"column":2},"end":{"line":76,"column":3}}]},"9":{"loc":{"start":{"line":82,"column":2},"end":{"line":82,"column":47}},"type":"if","locations":[{"start":{"line":82,"column":2},"end":{"line":82,"column":47}}]},"10":{"loc":{"start":{"line":99,"column":2},"end":{"line":99,"column":47}},"type":"if","locations":[{"start":{"line":99,"column":2},"end":{"line":99,"column":47}}]},"11":{"loc":{"start":{"line":111,"column":2},"end":{"line":114,"column":3}},"type":"if","locations":[{"start":{"line":111,"column":2},"end":{"line":114,"column":3}}]},"12":{"loc":{"start":{"line":122,"column":2},"end":{"line":125,"column":3}},"type":"if","locations":[{"start":{"line":122,"column":2},"end":{"line":125,"column":3}}]}},"s":{"0":4,"1":4,"2":4,"3":4,"4":4,"5":36,"6":36,"7":15,"8":15,"9":21,"10":4,"11":10,"12":3,"13":7,"14":7,"15":7,"16":7,"17":7,"18":7,"19":7,"20":7,"21":4,"22":7,"23":7,"24":7,"25":7,"26":35,"27":7,"28":35,"29":7,"30":7,"31":7,"32":7,"33":57,"34":57,"35":57,"36":7,"37":57,"38":57,"39":212,"40":7,"41":7,"42":4,"43":4,"44":4,"45":2,"46":2,"47":2,"48":4,"49":22,"50":11,"51":11,"52":11,"53":4,"54":4,"55":1,"56":3,"57":3,"58":1,"59":1,"60":2,"61":4,"62":4,"63":4,"64":1,"65":1,"66":3,"67":4},"f":{"0":36,"1":10,"2":7,"3":4,"4":22,"5":4,"6":4},"b":{"0":[15],"1":[3],"2":[7,4],"3":[7,1],"4":[7],"5":[57,0],"6":[212,0],"7":[7,0],"8":[2],"9":[11],"10":[1],"11":[1],"12":[1]}}
,"C:\\Users\\Gabi\\Desktop\\Rania\\backend\\src\\routes\\generator.ts": {"path":"C:\\Users\\Gabi\\Desktop\\Rania\\backend\\src\\routes\\generator.ts","statementMap":{"0":{"start":{"line":1,"column":0},"end":{"line":1,"column":52}},"1":{"start":{"line":2,"column":0},"end":{"line":2,"column":40}},"2":{"start":{"line":3,"column":0},"end":{"line":3,"column":34}},"3":{"start":{"line":4,"column":0},"end":{"line":4,"column":41}},"4":{"start":{"line":7,"column":15},"end":{"line":7,"column":23}},"5":{"start":{"line":9,"column":63},"end":{"line":9,"column":67}},"6":{"start":{"line":71,"column":9},"end":{"line":71,"column":26}},"7":{"start":{"line":11,"column":21},"end":{"line":16,"column":2}},"8":{"start":{"line":19,"column":19},"end":{"line":19,"column":72}},"9":{"start":{"line":20,"column":20},"end":{"line":20,"column":56}},"10":{"start":{"line":21,"column":16},"end":{"line":24,"column":68}},"11":{"start":{"line":24,"column":20},"end":{"line":24,"column":67}},"12":{"start":{"line":26,"column":2},"end":{"line":34,"column":5}},"13":{"start":{"line":38,"column":0},"end":{"line":52,"column":3}},"14":{"start":{"line":39,"column":2},"end":{"line":42,"column":3}},"15":{"start":{"line":40,"column":4},"end":{"line":40,"column":68}},"16":{"start":{"line":41,"column":4},"end":{"line":41,"column":11}},"17":{"start":{"line":44,"column":19},"end":{"line":44,"column":88}},"18":{"start":{"line":46,"column":2},"end":{"line":49,"column":15}},"19":{"start":{"line":47,"column":18},"end":{"line":47,"column":37}},"20":{"start":{"line":48,"column":4},"end":{"line":48,"column":36}},"21":{"start":{"line":51,"column":2},"end":{"line":51,"column":67}},"22":{"start":{"line":55,"column":0},"end":{"line":64,"column":3}},"23":{"start":{"line":56,"column":2},"end":{"line":59,"column":3}},"24":{"start":{"line":57,"column":4},"end":{"line":57,"column":64}},"25":{"start":{"line":58,"column":4},"end":{"line":58,"column":11}},"26":{"start":{"line":61,"column":2},"end":{"line":61,"column":35}},"27":{"start":{"line":62,"column":2},"end":{"line":62,"column":27}},"28":{"start":{"line":63,"column":2},"end":{"line":63,"column":45}},"29":{"start":{"line":67,"column":0},"end":{"line":69,"column":3}},"30":{"start":{"line":68,"column":2},"end":{"line":68,"column":52}},"31":{"start":{"line":72,"column":0},"end":{"line":72,"column":22}}},"fnMap":{"0":{"name":"generateFakeDress","decl":{"start":{"line":18,"column":9},"end":{"line":18,"column":26}},"loc":{"start":{"line":18,"column":26},"end":{"line":35,"column":1}}},"1":{"name":"(anonymous_10)","decl":{"start":{"line":24,"column":10},"end":{"line":24,"column":11}},"loc":{"start":{"line":24,"column":20},"end":{"line":24,"column":67}}},"2":{"name":"(anonymous_11)","decl":{"start":{"line":38,"column":22},"end":{"line":38,"column":23}},"loc":{"start":{"line":38,"column":54},"end":{"line":52,"column":1}}},"3":{"name":"(anonymous_12)","decl":{"start":{"line":46,"column":34},"end":{"line":46,"column":37}},"loc":{"start":{"line":46,"column":39},"end":{"line":49,"column":3}}},"4":{"name":"(anonymous_13)","decl":{"start":{"line":55,"column":21},"end":{"line":55,"column":22}},"loc":{"start":{"line":55,"column":54},"end":{"line":64,"column":1}}},"5":{"name":"(anonymous_14)","decl":{"start":{"line":67,"column":22},"end":{"line":67,"column":23}},"loc":{"start":{"line":67,"column":55},"end":{"line":69,"column":1}}}},"branchMap":{"0":{"loc":{"start":{"line":39,"column":2},"end":{"line":42,"column":3}},"type":"if","locations":[{"start":{"line":39,"column":2},"end":{"line":42,"column":3}}]},"1":{"loc":{"start":{"line":44,"column":44},"end":{"line":44,"column":82}},"type":"binary-expr","locations":[{"start":{"line":44,"column":44},"end":{"line":44,"column":72}},{"start":{"line":44,"column":76},"end":{"line":44,"column":82}}]},"2":{"loc":{"start":{"line":56,"column":2},"end":{"line":59,"column":3}},"type":"if","locations":[{"start":{"line":56,"column":2},"end":{"line":59,"column":3}}]}},"s":{"0":4,"1":4,"2":4,"3":4,"4":4,"5":4,"6":4,"7":4,"8":1,"9":1,"10":1,"11":1,"12":1,"13":4,"14":7,"15":1,"16":1,"17":6,"18":6,"19":1,"20":1,"21":6,"22":4,"23":11,"24":5,"25":5,"26":6,"27":6,"28":6,"29":4,"30":3,"31":4},"f":{"0":1,"1":1,"2":7,"3":1,"4":11,"5":3},"b":{"0":[1],"1":[6,0],"2":[5]}}
,"C:\\Users\\Gabi\\Desktop\\Rania\\backend\\src\\routes\\reviews.ts": {"path":"C:\\Users\\Gabi\\Desktop\\Rania\\backend\\src\\routes\\reviews.ts","statementMap":{"0":{"start":{"line":1,"column":0},"end":{"line":1,"column":52}},"1":{"start":{"line":2,"column":0},"end":{"line":2,"column":59}},"2":{"start":{"line":3,"column":0},"end":{"line":3,"column":49}},"3":{"start":{"line":4,"column":0},"end":{"line":4,"column":39}},"4":{"start":{"line":6,"column":15},"end":{"line":6,"column":44}},"5":{"start":{"line":8,"column":24},"end":{"line":15,"column":2}},"6":{"start":{"line":18,"column":17},"end":{"line":18,"column":38}},"7":{"start":{"line":19,"column":2},"end":{"line":22,"column":3}},"8":{"start":{"line":20,"column":4},"end":{"line":20,"column":53}},"9":{"start":{"line":21,"column":4},"end":{"line":21,"column":16}},"10":{"start":{"line":23,"column":2},"end":{"line":23,"column":15}},"11":{"start":{"line":27,"column":0},"end":{"line":34,"column":3}},"12":{"start":{"line":28,"column":22},"end":{"line":28,"column":32}},"13":{"start":{"line":29,"column":2},"end":{"line":32,"column":3}},"14":{"start":{"line":30,"column":4},"end":{"line":30,"column":55}},"15":{"start":{"line":31,"column":4},"end":{"line":31,"column":11}},"16":{"start":{"line":33,"column":2},"end":{"line":33,"column":46}},"17":{"start":{"line":37,"column":0},"end":{"line":44,"column":3}},"18":{"start":{"line":38,"column":22},"end":{"line":38,"column":32}},"19":{"start":{"line":39,"column":2},"end":{"line":42,"column":3}},"20":{"start":{"line":40,"column":4},"end":{"line":40,"column":55}},"21":{"start":{"line":41,"column":4},"end":{"line":41,"column":11}},"22":{"start":{"line":43,"column":2},"end":{"line":43,"column":42}},"23":{"start":{"line":47,"column":0},"end":{"line":61,"column":3}},"24":{"start":{"line":48,"column":2},"end":{"line":48,"column":41}},"25":{"start":{"line":48,"column":34},"end":{"line":48,"column":41}},"26":{"start":{"line":49,"column":22},"end":{"line":49,"column":32}},"27":{"start":{"line":50,"column":2},"end":{"line":53,"column":3}},"28":{"start":{"line":51,"column":4},"end":{"line":51,"column":55}},"29":{"start":{"line":52,"column":4},"end":{"line":52,"column":11}},"30":{"start":{"line":54,"column":17},"end":{"line":59,"column":4}},"31":{"start":{"line":60,"column":2},"end":{"line":60,"column":31}},"32":{"start":{"line":64,"column":13},"end":{"line":64,"column":37}},"33":{"start":{"line":65,"column":0},"end":{"line":77,"column":3}},"34":{"start":{"line":66,"column":2},"end":{"line":66,"column":41}},"35":{"start":{"line":66,"column":34},"end":{"line":66,"column":41}},"36":{"start":{"line":67,"column":18},"end":{"line":71,"column":4}},"37":{"start":{"line":72,"column":2},"end":{"line":75,"column":3}},"38":{"start":{"line":73,"column":4},"end":{"line":73,"column":56}},"39":{"start":{"line":74,"column":4},"end":{"line":74,"column":11}},"40":{"start":{"line":76,"column":2},"end":{"line":76,"column":20}},"41":{"start":{"line":80,"column":0},"end":{"line":87,"column":3}},"42":{"start":{"line":81,"column":18},"end":{"line":81,"column":51}},"43":{"start":{"line":82,"column":2},"end":{"line":85,"column":3}},"44":{"start":{"line":83,"column":4},"end":{"line":83,"column":56}},"45":{"start":{"line":84,"column":4},"end":{"line":84,"column":11}},"46":{"start":{"line":86,"column":2},"end":{"line":86,"column":25}},"47":{"start":{"line":89,"column":0},"end":{"line":89,"column":22}}},"fnMap":{"0":{"name":"handleValidation","decl":{"start":{"line":17,"column":9},"end":{"line":17,"column":25}},"loc":{"start":{"line":17,"column":53},"end":{"line":24,"column":1}}},"1":{"name":"(anonymous_10)","decl":{"start":{"line":27,"column":16},"end":{"line":27,"column":17}},"loc":{"start":{"line":27,"column":48},"end":{"line":34,"column":1}}},"2":{"name":"(anonymous_11)","decl":{"start":{"line":37,"column":21},"end":{"line":37,"column":22}},"loc":{"start":{"line":37,"column":53},"end":{"line":44,"column":1}}},"3":{"name":"(anonymous_12)","decl":{"start":{"line":47,"column":34},"end":{"line":47,"column":35}},"loc":{"start":{"line":47,"column":66},"end":{"line":61,"column":1}}},"4":{"name":"(anonymous_13)","decl":{"start":{"line":65,"column":42},"end":{"line":65,"column":43}},"loc":{"start":{"line":65,"column":74},"end":{"line":77,"column":1}}},"5":{"name":"(anonymous_14)","decl":{"start":{"line":80,"column":28},"end":{"line":80,"column":29}},"loc":{"start":{"line":80,"column":60},"end":{"line":87,"column":1}}}},"branchMap":{"0":{"loc":{"start":{"line":19,"column":2},"end":{"line":22,"column":3}},"type":"if","locations":[{"start":{"line":19,"column":2},"end":{"line":22,"column":3}}]},"1":{"loc":{"start":{"line":29,"column":2},"end":{"line":32,"column":3}},"type":"if","locations":[{"start":{"line":29,"column":2},"end":{"line":32,"column":3}}]},"2":{"loc":{"start":{"line":39,"column":2},"end":{"line":42,"column":3}},"type":"if","locations":[{"start":{"line":39,"column":2},"end":{"line":42,"column":3}}]},"3":{"loc":{"start":{"line":48,"column":2},"end":{"line":48,"column":41}},"type":"if","locations":[{"start":{"line":48,"column":2},"end":{"line":48,"column":41}}]},"4":{"loc":{"start":{"line":50,"column":2},"end":{"line":53,"column":3}},"type":"if","locations":[{"start":{"line":50,"column":2},"end":{"line":53,"column":3}}]},"5":{"loc":{"start":{"line":66,"column":2},"end":{"line":66,"column":41}},"type":"if","locations":[{"start":{"line":66,"column":2},"end":{"line":66,"column":41}}]},"6":{"loc":{"start":{"line":72,"column":2},"end":{"line":75,"column":3}},"type":"if","locations":[{"start":{"line":72,"column":2},"end":{"line":75,"column":3}}]},"7":{"loc":{"start":{"line":82,"column":2},"end":{"line":85,"column":3}},"type":"if","locations":[{"start":{"line":82,"column":2},"end":{"line":85,"column":3}}]}},"s":{"0":4,"1":4,"2":4,"3":4,"4":4,"5":4,"6":16,"7":16,"8":5,"9":5,"10":11,"11":4,"12":4,"13":4,"14":1,"15":1,"16":3,"17":4,"18":3,"19":3,"20":1,"21":1,"22":2,"23":4,"24":13,"25":4,"26":9,"27":9,"28":1,"29":1,"30":8,"31":8,"32":4,"33":4,"34":3,"35":1,"36":2,"37":2,"38":1,"39":1,"40":1,"41":4,"42":3,"43":3,"44":1,"45":1,"46":2,"47":4},"f":{"0":16,"1":4,"2":3,"3":13,"4":3,"5":3},"b":{"0":[5],"1":[1],"2":[1],"3":[4],"4":[1],"5":[1],"6":[1],"7":[1]}}
,"C:\\Users\\Gabi\\Desktop\\Rania\\backend\\src\\stores\\reviews.ts": {"path":"C:\\Users\\Gabi\\Desktop\\Rania\\backend\\src\\stores\\reviews.ts","statementMap":{"0":{"start":{"line":20,"column":0},"end":{"line":20,"column":16}},"1":{"start":{"line":24,"column":0},"end":{"line":24,"column":16}},"2":{"start":{"line":28,"column":0},"end":{"line":28,"column":16}},"3":{"start":{"line":34,"column":0},"end":{"line":34,"column":16}},"4":{"start":{"line":44,"column":0},"end":{"line":44,"column":16}},"5":{"start":{"line":51,"column":0},"end":{"line":51,"column":16}},"6":{"start":{"line":67,"column":0},"end":{"line":67,"column":16}},"7":{"start":{"line":1,"column":0},"end":{"line":1,"column":36}},"8":{"start":{"line":18,"column":24},"end":{"line":18,"column":26}},"9":{"start":{"line":21,"column":2},"end":{"line":21,"column":54}},"10":{"start":{"line":21,"column":31},"end":{"line":21,"column":52}},"11":{"start":{"line":25,"column":2},"end":{"line":25,"column":42}},"12":{"start":{"line":25,"column":29},"end":{"line":25,"column":40}},"13":{"start":{"line":29,"column":25},"end":{"line":29,"column":87}},"14":{"start":{"line":30,"column":2},"end":{"line":30,"column":23}},"15":{"start":{"line":31,"column":2},"end":{"line":31,"column":16}},"16":{"start":{"line":38,"column":16},"end":{"line":38,"column":53}},"17":{"start":{"line":38,"column":41},"end":{"line":38,"column":52}},"18":{"start":{"line":39,"column":2},"end":{"line":39,"column":37}},"19":{"start":{"line":39,"column":20},"end":{"line":39,"column":37}},"20":{"start":{"line":40,"column":2},"end":{"line":40,"column":50}},"21":{"start":{"line":41,"column":2},"end":{"line":41,"column":24}},"22":{"start":{"line":45,"column":16},"end":{"line":45,"column":53}},"23":{"start":{"line":45,"column":41},"end":{"line":45,"column":52}},"24":{"start":{"line":46,"column":2},"end":{"line":46,"column":33}},"25":{"start":{"line":46,"column":20},"end":{"line":46,"column":33}},"26":{"start":{"line":47,"column":2},"end":{"line":47,"column":27}},"27":{"start":{"line":48,"column":2},"end":{"line":48,"column":14}},"28":{"start":{"line":52,"column":15},"end":{"line":52,"column":36}},"29":{"start":{"line":53,"column":47},"end":{"line":53,"column":79}},"30":{"start":{"line":54,"column":2},"end":{"line":54,"column":77}},"31":{"start":{"line":54,"column":25},"end":{"line":54,"column":77}},"32":{"start":{"line":55,"column":14},"end":{"line":55,"column":15}},"33":{"start":{"line":56,"column":2},"end":{"line":59,"column":3}},"34":{"start":{"line":57,"column":4},"end":{"line":57,"column":29}},"35":{"start":{"line":58,"column":4},"end":{"line":58,"column":22}},"36":{"start":{"line":60,"column":2},"end":{"line":64,"column":4}},"37":{"start":{"line":68,"column":2},"end":{"line":68,"column":15}}},"fnMap":{"0":{"name":"getByDressId","decl":{"start":{"line":20,"column":16},"end":{"line":20,"column":28}},"loc":{"start":{"line":20,"column":44},"end":{"line":22,"column":1}}},"1":{"name":"(anonymous_1)","decl":{"start":{"line":21,"column":24},"end":{"line":21,"column":25}},"loc":{"start":{"line":21,"column":31},"end":{"line":21,"column":52}}},"2":{"name":"getById","decl":{"start":{"line":24,"column":16},"end":{"line":24,"column":23}},"loc":{"start":{"line":24,"column":34},"end":{"line":26,"column":1}}},"3":{"name":"(anonymous_3)","decl":{"start":{"line":25,"column":22},"end":{"line":25,"column":23}},"loc":{"start":{"line":25,"column":29},"end":{"line":25,"column":40}}},"4":{"name":"create","decl":{"start":{"line":28,"column":16},"end":{"line":28,"column":22}},"loc":{"start":{"line":28,"column":61},"end":{"line":32,"column":1}}},"5":{"name":"update","decl":{"start":{"line":34,"column":16},"end":{"line":34,"column":22}},"loc":{"start":{"line":36,"column":53},"end":{"line":42,"column":1}}},"6":{"name":"(anonymous_6)","decl":{"start":{"line":38,"column":34},"end":{"line":38,"column":35}},"loc":{"start":{"line":38,"column":41},"end":{"line":38,"column":52}}},"7":{"name":"remove","decl":{"start":{"line":44,"column":16},"end":{"line":44,"column":22}},"loc":{"start":{"line":44,"column":33},"end":{"line":49,"column":1}}},"8":{"name":"(anonymous_8)","decl":{"start":{"line":45,"column":34},"end":{"line":45,"column":35}},"loc":{"start":{"line":45,"column":41},"end":{"line":45,"column":52}}},"9":{"name":"getStats","decl":{"start":{"line":51,"column":16},"end":{"line":51,"column":24}},"loc":{"start":{"line":51,"column":40},"end":{"line":65,"column":1}}},"10":{"name":"reset","decl":{"start":{"line":67,"column":16},"end":{"line":67,"column":21}},"loc":{"start":{"line":67,"column":21},"end":{"line":69,"column":1}}}},"branchMap":{"0":{"loc":{"start":{"line":39,"column":2},"end":{"line":39,"column":37}},"type":"if","locations":[{"start":{"line":39,"column":2},"end":{"line":39,"column":37}}]},"1":{"loc":{"start":{"line":46,"column":2},"end":{"line":46,"column":33}},"type":"if","locations":[{"start":{"line":46,"column":2},"end":{"line":46,"column":33}}]},"2":{"loc":{"start":{"line":54,"column":2},"end":{"line":54,"column":77}},"type":"if","locations":[{"start":{"line":54,"column":2},"end":{"line":54,"column":77}}]}},"s":{"0":4,"1":4,"2":4,"3":4,"4":4,"5":4,"6":4,"7":4,"8":4,"9":9,"10":6,"11":0,"12":0,"13":14,"14":14,"15":14,"16":4,"17":2,"18":4,"19":2,"20":2,"21":2,"22":5,"23":3,"24":5,"25":2,"26":3,"27":3,"28":4,"29":4,"30":4,"31":2,"32":2,"33":2,"34":4,"35":4,"36":2,"37":40},"f":{"0":9,"1":6,"2":0,"3":0,"4":14,"5":4,"6":2,"7":5,"8":3,"9":4,"10":40},"b":{"0":[2],"1":[2],"2":[2]}}
}
