TN:
SF:src\app.ts
FN:26,(anonymous_10)
FNF:1
FNH:1
FNDA:1,(anonymous_10)
DA:1,4
DA:2,4
DA:3,4
DA:4,4
DA:5,4
DA:6,4
DA:7,4
DA:9,4
DA:11,4
DA:12,4
DA:15,4
DA:16,4
DA:17,4
DA:18,4
DA:21,4
DA:26,4
DA:27,1
DA:30,4
LF:18
LH:18
BRF:0
BRH:0
end_of_record
TN:
SF:src\store.ts
FN:108,getAll
FN:112,getById
FN:113,(anonymous_2)
FN:116,create
FN:122,update
FN:123,(anonymous_5)
FN:130,remove
FN:131,(anonymous_7)
FN:137,reset
FN:138,(anonymous_9)
FNF:10
FNH:10
FNDA:27,getAll
FNDA:22,getById
FNDA:195,(anonymous_2)
FNDA:48,create
FNDA:5,update
FNDA:43,(anonymous_5)
FNDA:6,remove
FNDA:52,(anonymous_7)
FNDA:84,reset
FNDA:672,(anonymous_9)
DA:1,4
DA:4,4
DA:103,4
DA:105,4
DA:106,4
DA:108,4
DA:109,27
DA:112,4
DA:113,195
DA:116,4
DA:117,48
DA:118,48
DA:119,48
DA:122,4
DA:123,43
DA:124,5
DA:125,3
DA:126,3
DA:127,3
DA:130,4
DA:131,52
DA:132,6
DA:133,4
DA:134,4
DA:137,4
DA:138,672
LF:26
LH:26
BRDA:124,0,0,2
BRDA:132,1,0,2
BRF:2
BRH:2
end_of_record
TN:
SF:src\validation.ts
FN:20,(anonymous_0)
FN:21,(anonymous_1)
FNF:2
FNH:2
FNDA:26,(anonymous_0)
FNDA:47,(anonymous_1)
DA:1,4
DA:2,4
DA:4,4
DA:21,47
DA:22,25
DA:23,1
DA:25,24
DA:43,4
LF:8
LH:8
BRDA:22,0,0,1
BRF:1
BRH:1
end_of_record
TN:
SF:src\websocket.ts
FN:6,setupWebSocket
FN:9,(anonymous_1)
FN:14,broadcast
FN:17,(anonymous_3)
FNF:4
FNH:4
FNDA:1,setupWebSocket
FNDA:2,(anonymous_1)
FNDA:2,broadcast
FNDA:2,(anonymous_3)
DA:1,5
DA:4,5
DA:6,5
DA:7,1
DA:9,1
DA:10,2
DA:14,5
DA:15,2
DA:16,2
DA:17,2
DA:18,2
DA:19,2
LF:12
LH:12
BRDA:15,0,0,0
BRDA:18,1,0,2
BRF:2
BRH:1
end_of_record
TN:
SF:src\graphql\index.ts
FN:108,(anonymous_9)
FN:116,(anonymous_10)
FN:120,(anonymous_11)
FN:122,(anonymous_12)
FN:123,(anonymous_13)
FN:156,(anonymous_14)
FN:160,(anonymous_15)
FN:175,(anonymous_16)
FN:179,(anonymous_17)
FN:183,(anonymous_18)
FN:187,(anonymous_19)
FN:191,(anonymous_20)
FN:195,(anonymous_21)
FNF:13
FNH:13
FNDA:5,(anonymous_9)
FNDA:2,(anonymous_10)
FNDA:4,(anonymous_11)
FNDA:20,(anonymous_12)
FNDA:20,(anonymous_13)
FNDA:2,(anonymous_14)
FNDA:2,(anonymous_15)
FNDA:1,(anonymous_16)
FNDA:2,(anonymous_17)
FNDA:2,(anonymous_18)
FNDA:1,(anonymous_19)
FNDA:2,(anonymous_20)
FNDA:2,(anonymous_21)
DA:1,4
DA:2,4
DA:3,4
DA:5,4
DA:107,4
DA:109,5
DA:110,5
DA:111,5
DA:112,5
DA:113,5
DA:117,2
DA:121,4
DA:122,20
DA:123,20
DA:124,4
DA:125,4
DA:126,4
DA:127,4
DA:128,33
DA:129,33
DA:130,33
DA:131,33
DA:132,122
DA:134,4
DA:157,2
DA:161,2
DA:162,2
DA:176,1
DA:180,2
DA:184,2
DA:188,1
DA:192,2
DA:196,2
DA:200,4
DA:201,4
LF:35
LH:35
BRDA:108,0,0,0
BRDA:108,1,0,0
BRDA:117,2,0,2
BRDA:117,2,1,1
BRDA:130,3,0,5
BRDA:131,4,0,33
BRDA:131,4,1,0
BRDA:132,5,0,122
BRDA:132,5,1,0
BRDA:137,6,0,4
BRDA:137,6,1,0
BRDA:166,7,0,2
BRDA:166,7,1,0
BRDA:167,8,0,2
BRDA:167,8,1,0
BRDA:168,9,0,2
BRDA:168,9,1,0
BRDA:169,10,0,2
BRDA:169,10,1,0
BRDA:170,11,0,2
BRDA:170,11,1,0
BRDA:180,12,0,2
BRDA:180,12,1,1
BRDA:192,13,0,2
BRDA:192,13,1,1
BRF:25
BRH:15
end_of_record
TN:
SF:src\routes\dresses.ts
FN:9,handleValidationErrors
FN:19,(anonymous_10)
FN:35,(anonymous_11)
FN:71,(anonymous_12)
FN:81,(anonymous_13)
FN:98,(anonymous_14)
FN:120,(anonymous_15)
FNF:7
FNH:7
FNDA:36,handleValidationErrors
FNDA:10,(anonymous_10)
FNDA:7,(anonymous_11)
FNDA:4,(anonymous_12)
FNDA:22,(anonymous_13)
FNDA:4,(anonymous_14)
FNDA:4,(anonymous_15)
DA:1,4
DA:2,4
DA:3,4
DA:4,4
DA:7,4
DA:10,36
DA:11,36
DA:12,15
DA:13,15
DA:15,21
DA:19,4
DA:20,10
DA:22,7
DA:23,7
DA:25,7
DA:26,7
DA:27,7
DA:28,7
DA:30,7
DA:31,7
DA:35,4
DA:36,7
DA:38,7
DA:39,7
DA:41,35
DA:42,35
DA:44,7
DA:45,7
DA:46,7
DA:48,7
DA:49,57
DA:50,57
DA:51,57
DA:52,57
DA:53,57
DA:54,212
DA:58,7
DA:67,7
DA:71,4
DA:72,4
DA:73,4
DA:74,2
DA:75,2
DA:77,2
DA:81,4
DA:82,22
DA:84,11
DA:94,11
DA:98,4
DA:99,4
DA:101,3
DA:111,3
DA:112,1
DA:113,1
DA:116,2
DA:120,4
DA:121,4
DA:122,4
DA:123,1
DA:124,1
DA:126,3
DA:129,4
LF:62
LH:62
BRDA:11,0,0,15
BRDA:20,1,0,3
BRDA:22,2,0,7
BRDA:22,2,1,4
BRDA:23,3,0,7
BRDA:23,3,1,1
BRDA:51,4,0,7
BRDA:52,5,0,57
BRDA:52,5,1,0
BRDA:54,6,0,212
BRDA:54,6,1,0
BRDA:61,7,0,7
BRDA:61,7,1,0
BRDA:73,8,0,2
BRDA:82,9,0,11
BRDA:99,10,0,1
BRDA:111,11,0,1
BRDA:122,12,0,1
BRF:18
BRH:15
end_of_record
TN:
SF:src\routes\generator.ts
FN:18,generateFakeDress
FN:24,(anonymous_10)
FN:38,(anonymous_11)
FN:46,(anonymous_12)
FN:55,(anonymous_13)
FN:67,(anonymous_14)
FNF:6
FNH:6
FNDA:1,generateFakeDress
FNDA:1,(anonymous_10)
FNDA:7,(anonymous_11)
FNDA:1,(anonymous_12)
FNDA:11,(anonymous_13)
FNDA:3,(anonymous_14)
DA:1,4
DA:2,4
DA:3,4
DA:4,4
DA:7,4
DA:9,4
DA:11,4
DA:19,1
DA:20,1
DA:21,1
DA:24,1
DA:26,1
DA:38,4
DA:39,7
DA:40,1
DA:41,1
DA:44,6
DA:46,6
DA:47,1
DA:48,1
DA:51,6
DA:55,4
DA:56,11
DA:57,5
DA:58,5
DA:61,6
DA:62,6
DA:63,6
DA:67,4
DA:68,3
DA:71,4
DA:72,4
LF:32
LH:32
BRDA:39,0,0,1
BRDA:44,1,0,6
BRDA:44,1,1,0
BRDA:56,2,0,5
BRF:4
BRH:3
end_of_record
TN:
SF:src\routes\reviews.ts
FN:17,handleValidation
FN:27,(anonymous_10)
FN:37,(anonymous_11)
FN:47,(anonymous_12)
FN:65,(anonymous_13)
FN:80,(anonymous_14)
FNF:6
FNH:6
FNDA:16,handleValidation
FNDA:4,(anonymous_10)
FNDA:3,(anonymous_11)
FNDA:13,(anonymous_12)
FNDA:3,(anonymous_13)
FNDA:3,(anonymous_14)
DA:1,4
DA:2,4
DA:3,4
DA:4,4
DA:6,4
DA:8,4
DA:18,16
DA:19,16
DA:20,5
DA:21,5
DA:23,11
DA:27,4
DA:28,4
DA:29,4
DA:30,1
DA:31,1
DA:33,3
DA:37,4
DA:38,3
DA:39,3
DA:40,1
DA:41,1
DA:43,2
DA:47,4
DA:48,13
DA:49,9
DA:50,9
DA:51,1
DA:52,1
DA:54,8
DA:60,8
DA:64,4
DA:65,4
DA:66,3
DA:67,2
DA:72,2
DA:73,1
DA:74,1
DA:76,1
DA:80,4
DA:81,3
DA:82,3
DA:83,1
DA:84,1
DA:86,2
DA:89,4
LF:46
LH:46
BRDA:19,0,0,5
BRDA:29,1,0,1
BRDA:39,2,0,1
BRDA:48,3,0,4
BRDA:50,4,0,1
BRDA:66,5,0,1
BRDA:72,6,0,1
BRDA:82,7,0,1
BRF:8
BRH:8
end_of_record
TN:
SF:src\stores\reviews.ts
FN:20,getByDressId
FN:21,(anonymous_1)
FN:24,getById
FN:25,(anonymous_3)
FN:28,create
FN:34,update
FN:38,(anonymous_6)
FN:44,remove
FN:45,(anonymous_8)
FN:51,getStats
FN:67,reset
FNF:11
FNH:9
FNDA:9,getByDressId
FNDA:6,(anonymous_1)
FNDA:0,getById
FNDA:0,(anonymous_3)
FNDA:14,create
FNDA:4,update
FNDA:2,(anonymous_6)
FNDA:5,remove
FNDA:3,(anonymous_8)
FNDA:4,getStats
FNDA:40,reset
DA:1,4
DA:18,4
DA:20,4
DA:21,9
DA:24,4
DA:25,0
DA:28,4
DA:29,14
DA:30,14
DA:31,14
DA:34,4
DA:38,4
DA:39,4
DA:40,2
DA:41,2
DA:44,4
DA:45,5
DA:46,5
DA:47,3
DA:48,3
DA:51,4
DA:52,4
DA:53,4
DA:54,4
DA:55,2
DA:56,2
DA:57,4
DA:58,4
DA:60,2
DA:67,4
DA:68,40
LF:31
LH:30
BRDA:39,0,0,2
BRDA:46,1,0,2
BRDA:54,2,0,2
BRF:3
BRH:3
end_of_record
